<?xml version="1.0" encoding="UTF-8"?>
<testng-results skipped="0" failed="0" total="4" passed="4">
  <reporter-output>
  </reporter-output>
  <suite name="Default suite" duration-ms="11263" started-at="2014-12-15T03:42:18Z" finished-at="2014-12-15T03:42:30Z">
    <groups>
    </groups>
    <test name="Default test" duration-ms="11263" started-at="2014-12-15T03:42:18Z" finished-at="2014-12-15T03:42:30Z">
      <class name="ru.nixer.tests.GroupCreationTests">
        <test-method status="PASS" signature="testEmptyGroupCreation()[pri:0, instance:ru.nixer.tests.GroupCreationTests@7531f745]" name="testEmptyGroupCreation" duration-ms="1071" started-at="2014-12-14T19:42:27Z" finished-at="2014-12-14T19:42:28Z">
          <reporter-output>
          </reporter-output>
        </test-method> <!-- testEmptyGroupCreation -->
        <test-method status="PASS" signature="testNonEmptyGroupCreation()[pri:0, instance:ru.nixer.tests.GroupCreationTests@7531f745]" name="testNonEmptyGroupCreation" duration-ms="1165" started-at="2014-12-14T19:42:28Z" finished-at="2014-12-14T19:42:29Z">
          <reporter-output>
          </reporter-output>
        </test-method> <!-- testNonEmptyGroupCreation -->
      </class> <!-- ru.nixer.tests.GroupCreationTests -->
      <class name="ru.nixer.tests.ContactCreationTests">
        <test-method status="PASS" signature="setUp()[pri:0, instance:ru.nixer.tests.ContactCreationTests@419431dc]" name="setUp" is-config="true" duration-ms="5232" started-at="2014-12-14T19:42:18Z" finished-at="2014-12-14T19:42:24Z">
          <reporter-output>
          </reporter-output>
        </test-method> <!-- setUp -->
        <test-method status="PASS" signature="testEmptyContactCreation()[pri:0, instance:ru.nixer.tests.ContactCreationTests@419431dc]" name="testEmptyContactCreation" duration-ms="975" started-at="2014-12-14T19:42:24Z" finished-at="2014-12-14T19:42:25Z">
          <reporter-output>
          </reporter-output>
        </test-method> <!-- testEmptyContactCreation -->
        <test-method status="PASS" signature="testNonEmptyContactCreation()[pri:0, instance:ru.nixer.tests.ContactCreationTests@419431dc]" name="testNonEmptyContactCreation" duration-ms="2544" started-at="2014-12-14T19:42:25Z" finished-at="2014-12-14T19:42:27Z">
          <reporter-output>
          </reporter-output>
        </test-method> <!-- testNonEmptyContactCreation -->
        <test-method status="PASS" signature="tearDown()[pri:0, instance:ru.nixer.tests.ContactCreationTests@419431dc]" name="tearDown" is-config="true" duration-ms="262" started-at="2014-12-14T19:42:29Z" finished-at="2014-12-14T19:42:30Z">
          <reporter-output>
          </reporter-output>
        </test-method> <!-- tearDown -->
      </class> <!-- ru.nixer.tests.ContactCreationTests -->
    </test> <!-- Default test -->
  </suite> <!-- Default suite -->
</testng-results>
