<?xml version="1.0" encoding="UTF-8"?>
<testng-results skipped="0" failed="0" total="1" passed="1">
  <reporter-output>
  </reporter-output>
  <suite name="Default suite" duration-ms="7051" started-at="2014-12-29T05:15:15Z" finished-at="2014-12-29T05:15:22Z">
    <groups>
    </groups>
    <test name="Default test" duration-ms="7051" started-at="2014-12-29T05:15:15Z" finished-at="2014-12-29T05:15:22Z">
      <class name="ru.nixer.tests.ContactModificationTest">
        <test-method status="PASS" signature="setUp()[pri:0, instance:ru.nixer.tests.ContactModificationTest@76da9e2a]" name="setUp" is-config="true" duration-ms="5189" started-at="2014-12-28T21:15:15Z" finished-at="2014-12-28T21:15:20Z">
          <reporter-output>
          </reporter-output>
        </test-method> <!-- setUp -->
        <test-method status="PASS" signature="modifySomeContact()[pri:0, instance:ru.nixer.tests.ContactModificationTest@76da9e2a]" name="modifySomeContact" duration-ms="1619" started-at="2014-12-28T21:15:20Z" finished-at="2014-12-28T21:15:21Z">
          <reporter-output>
          </reporter-output>
        </test-method> <!-- modifySomeContact -->
        <test-method status="PASS" signature="tearDown()[pri:0, instance:ru.nixer.tests.ContactModificationTest@76da9e2a]" name="tearDown" is-config="true" duration-ms="234" started-at="2014-12-28T21:15:21Z" finished-at="2014-12-28T21:15:22Z">
          <reporter-output>
          </reporter-output>
        </test-method> <!-- tearDown -->
      </class> <!-- ru.nixer.tests.ContactModificationTest -->
    </test> <!-- Default test -->
  </suite> <!-- Default suite -->
</testng-results>
