<?xml version="1.0" encoding="UTF-8"?>
<!-- Generated by org.testng.reporters.JUnitXMLReporter -->
<testsuite hostname="Nixer_Home_PC" name="Default test" tests="5" failures="0" timestamp="20 Jan 2015 04:13:12 GMT" time="15.536" errors="0">
  <testcase name="modifySomeContact" time="2.588" classname="ru.nixer.tests.ContactModificationTest"/>
  <testcase name="modifySomeContact" time="1.726" classname="ru.nixer.tests.ContactModificationTest"/>
  <testcase name="modifySomeContact" time="1.728" classname="ru.nixer.tests.ContactModificationTest"/>
  <testcase name="modifySomeContact" time="1.845" classname="ru.nixer.tests.ContactModificationTest"/>
  <testcase name="modifySomeContact" time="2.004" classname="ru.nixer.tests.ContactModificationTest"/>
</testsuite> <!-- Default test -->
