<?xml version="1.0" encoding="UTF-8"?>
<!-- Generated by org.testng.reporters.JUnitXMLReporter -->
<testsuite hostname="Nixer_Home_PC" name="Default test" tests="4" failures="0" timestamp="15 Dec 2014 03:42:30 GMT" time="11.263" errors="0">
  <testcase name="testEmptyContactCreation" time="0.975" classname="ru.nixer.tests.ContactCreationTests"/>
  <testcase name="testNonEmptyContactCreation" time="2.544" classname="ru.nixer.tests.ContactCreationTests"/>
  <testcase name="testEmptyGroupCreation" time="1.071" classname="ru.nixer.tests.GroupCreationTests"/>
  <testcase name="testNonEmptyGroupCreation" time="1.165" classname="ru.nixer.tests.GroupCreationTests"/>
</testsuite> <!-- Default test -->
